Feb 23 22:46:43 simplesamlphp NOTICE STAT [bbb7229472] User 'admin' has been successfully authenticated.
Mar 28 12:41:37 simplesamlphp ERROR [4cd76127f1] SimpleSAML_Error_AuthSource: AUTHSOURCEERROR('%AUTHSOURCE%' => '\'facebook\'', '%REASON%' => '\'Error getting user profile.\'')
Mar 28 12:41:37 simplesamlphp ERROR [4cd76127f1] Backtrace:
Mar 28 12:41:37 simplesamlphp ERROR [4cd76127f1] 2 /var/www/simplesamlphp/modules/authfacebook/lib/Auth/Source/Facebook.php:101 (sspmod_authfacebook_Auth_Source_Facebook::finalStep)
Mar 28 12:41:37 simplesamlphp ERROR [4cd76127f1] 1 /var/www/simplesamlphp/modules/authfacebook/www/linkback.php:28 (require)
Mar 28 12:41:37 simplesamlphp ERROR [4cd76127f1] 0 /var/www/simplesamlphp/www/module.php:137 (N/A)
Mar 28 12:41:37 simplesamlphp ERROR [4cd76127f1] Error report with id 933cfb71 generated.
Mar 28 13:21:51 simplesamlphp ERROR [4cd76127f1] SimpleSAML_Error_AuthSource: AUTHSOURCEERROR('%AUTHSOURCE%' => '\'facebook\'', '%REASON%' => '\'Error getting user profile.\'')
Mar 28 13:21:51 simplesamlphp ERROR [4cd76127f1] Backtrace:
Mar 28 13:21:51 simplesamlphp ERROR [4cd76127f1] 2 /var/www/simplesamlphp/modules/authfacebook/lib/Auth/Source/Facebook.php:101 (sspmod_authfacebook_Auth_Source_Facebook::finalStep)
Mar 28 13:21:51 simplesamlphp ERROR [4cd76127f1] 1 /var/www/simplesamlphp/modules/authfacebook/www/linkback.php:28 (require)
Mar 28 13:21:51 simplesamlphp ERROR [4cd76127f1] 0 /var/www/simplesamlphp/www/module.php:137 (N/A)
Mar 28 13:21:51 simplesamlphp ERROR [4cd76127f1] Error report with id eedaaf83 generated.
Mar 28 13:22:21 simplesamlphp ERROR [4cd76127f1] SimpleSAML_Error_AuthSource: AUTHSOURCEERROR('%AUTHSOURCE%' => '\'facebook\'', '%REASON%' => '\'Error getting user profile.\'')
Mar 28 13:22:21 simplesamlphp ERROR [4cd76127f1] Backtrace:
Mar 28 13:22:21 simplesamlphp ERROR [4cd76127f1] 2 /var/www/simplesamlphp/modules/authfacebook/lib/Auth/Source/Facebook.php:101 (sspmod_authfacebook_Auth_Source_Facebook::finalStep)
Mar 28 13:22:21 simplesamlphp ERROR [4cd76127f1] 1 /var/www/simplesamlphp/modules/authfacebook/www/linkback.php:28 (require)
Mar 28 13:22:21 simplesamlphp ERROR [4cd76127f1] 0 /var/www/simplesamlphp/www/module.php:137 (N/A)
Mar 28 13:22:21 simplesamlphp ERROR [4cd76127f1] Error report with id 1c1d26b3 generated.
Mar 28 13:25:11 simplesamlphp ERROR [19bc472ba7] SimpleSAML_Error_AuthSource: AUTHSOURCEERROR('%AUTHSOURCE%' => '\'facebook\'', '%REASON%' => '\'Error getting user profile.\'')
Mar 28 13:25:11 simplesamlphp ERROR [19bc472ba7] Backtrace:
Mar 28 13:25:11 simplesamlphp ERROR [19bc472ba7] 2 /var/www/simplesamlphp/modules/authfacebook/lib/Auth/Source/Facebook.php:101 (sspmod_authfacebook_Auth_Source_Facebook::finalStep)
Mar 28 13:25:11 simplesamlphp ERROR [19bc472ba7] 1 /var/www/simplesamlphp/modules/authfacebook/www/linkback.php:28 (require)
Mar 28 13:25:11 simplesamlphp ERROR [19bc472ba7] 0 /var/www/simplesamlphp/www/module.php:137 (N/A)
Mar 28 13:25:11 simplesamlphp ERROR [19bc472ba7] Error report with id 95c411ef generated.
Mar 28 16:51:06 simplesamlphp ERROR [548062f078] SimpleSAML_Error_AuthSource: AUTHSOURCEERROR('%AUTHSOURCE%' => '\'facebook\'', '%REASON%' => '\'Error getting user profile.\'')
Mar 28 16:51:06 simplesamlphp ERROR [548062f078] Backtrace:
Mar 28 16:51:06 simplesamlphp ERROR [548062f078] 2 /var/www/simplesamlphp/modules/authfacebook/lib/Auth/Source/Facebook.php:101 (sspmod_authfacebook_Auth_Source_Facebook::finalStep)
Mar 28 16:51:06 simplesamlphp ERROR [548062f078] 1 /var/www/simplesamlphp/modules/authfacebook/www/linkback.php:28 (require)
Mar 28 16:51:06 simplesamlphp ERROR [548062f078] 0 /var/www/simplesamlphp/www/module.php:137 (N/A)
Mar 28 16:51:06 simplesamlphp ERROR [548062f078] Error report with id 259a9f8c generated.
Mar 28 16:56:24 simplesamlphp ERROR [548062f078] SimpleSAML_Error_AuthSource: AUTHSOURCEERROR('%AUTHSOURCE%' => '\'facebook\'', '%REASON%' => '\'Error getting user profile.\'')
Mar 28 16:56:24 simplesamlphp ERROR [548062f078] Backtrace:
Mar 28 16:56:24 simplesamlphp ERROR [548062f078] 2 /var/www/simplesamlphp/modules/authfacebook/lib/Auth/Source/Facebook.php:101 (sspmod_authfacebook_Auth_Source_Facebook::finalStep)
Mar 28 16:56:24 simplesamlphp ERROR [548062f078] 1 /var/www/simplesamlphp/modules/authfacebook/www/linkback.php:28 (require)
Mar 28 16:56:24 simplesamlphp ERROR [548062f078] 0 /var/www/simplesamlphp/www/module.php:137 (N/A)
Mar 28 16:56:24 simplesamlphp ERROR [548062f078] Error report with id 67977cb1 generated.
Mar 28 17:24:52 simplesamlphp ERROR [548062f078] SimpleSAML_Error_AuthSource: AUTHSOURCEERROR('%AUTHSOURCE%' => '\'facebook\'', '%REASON%' => '\'Error getting user profile.\'')
Mar 28 17:24:52 simplesamlphp ERROR [548062f078] Backtrace:
Mar 28 17:24:52 simplesamlphp ERROR [548062f078] 2 /var/www/simplesamlphp/modules/authfacebook/lib/Auth/Source/Facebook.php:101 (sspmod_authfacebook_Auth_Source_Facebook::finalStep)
Mar 28 17:24:52 simplesamlphp ERROR [548062f078] 1 /var/www/simplesamlphp/modules/authfacebook/www/linkback.php:28 (require)
Mar 28 17:24:52 simplesamlphp ERROR [548062f078] 0 /var/www/simplesamlphp/www/module.php:137 (N/A)
Mar 28 17:24:52 simplesamlphp ERROR [548062f078] Error report with id 3aa5c01b generated.
Mar 28 17:52:27 simplesamlphp ERROR [548062f078] SimpleSAML_Error_AuthSource: AUTHSOURCEERROR('%AUTHSOURCE%' => '\'facebook\'', '%REASON%' => '\'Error getting user profile.\'')
Mar 28 17:52:27 simplesamlphp ERROR [548062f078] Backtrace:
Mar 28 17:52:27 simplesamlphp ERROR [548062f078] 2 /var/www/simplesamlphp/modules/authfacebook/lib/Auth/Source/Facebook.php:101 (sspmod_authfacebook_Auth_Source_Facebook::finalStep)
Mar 28 17:52:27 simplesamlphp ERROR [548062f078] 1 /var/www/simplesamlphp/modules/authfacebook/www/linkback.php:28 (require)
Mar 28 17:52:27 simplesamlphp ERROR [548062f078] 0 /var/www/simplesamlphp/www/module.php:137 (N/A)
Mar 28 17:52:27 simplesamlphp ERROR [548062f078] Error report with id eac67e3f generated.
Apr 10 12:44:22 simplesamlphp WARNING [940568e37d] Missing AuthToken cookie.
Apr 27 14:40:57 simplesamlphp ERROR [33af9b1dc6] SimpleSAML_Error_Error: UNHANDLEDEXCEPTION
Apr 27 14:40:57 simplesamlphp ERROR [33af9b1dc6] Backtrace:
Apr 27 14:40:57 simplesamlphp ERROR [33af9b1dc6] 0 /var/www/simplesamlphp/www/module.php:180 (N/A)
Apr 27 14:40:57 simplesamlphp ERROR [33af9b1dc6] Caused by: SimpleSAML_Error_Exception: User not authenticated after login page.
Apr 27 14:40:57 simplesamlphp ERROR [33af9b1dc6] Backtrace:
Apr 27 14:40:57 simplesamlphp ERROR [33af9b1dc6] 2 /var/www/simplesamlphp/modules/drupalauth/lib/Auth/Source/External.php:437 (sspmod_drupalauth_Auth_Source_External::resume)
Apr 27 14:40:57 simplesamlphp ERROR [33af9b1dc6] 1 /var/www/simplesamlphp/modules/drupalauth/www/resume.php:12 (require)
Apr 27 14:40:57 simplesamlphp ERROR [33af9b1dc6] 0 /var/www/simplesamlphp/www/module.php:137 (N/A)
Apr 27 14:40:57 simplesamlphp ERROR [33af9b1dc6] Error report with id 320b4cfd generated.
Apr 27 14:41:12 simplesamlphp ERROR [f8e98e53b7] SimpleSAML_Error_NotFound: NOTFOUNDREASON('%URL%' => 'http://uat-sso.indiatodayonline.in/simplesaml/module.php/drupalauth/header-bkg.png', '%REASON%' => 'The URL wasn\'t found in the module.')
Apr 27 14:41:12 simplesamlphp ERROR [f8e98e53b7] Backtrace:
Apr 27 14:41:12 simplesamlphp ERROR [f8e98e53b7] 0 /var/www/simplesamlphp/www/module.php:121 (N/A)
Apr 27 14:41:12 simplesamlphp ERROR [f8e98e53b7] Error report with id 215f1738 generated.
Apr 27 14:41:38 simplesamlphp ERROR [a5f1359897] SimpleSAML_Error_NotFound: NOTFOUNDREASON('%URL%' => 'http://uat-sso.indiatodayonline.in/simplesaml/module.php/drupalauth/header-bkg.png', '%REASON%' => 'The URL wasn\'t found in the module.')
Apr 27 14:41:38 simplesamlphp ERROR [a5f1359897] Backtrace:
Apr 27 14:41:38 simplesamlphp ERROR [a5f1359897] 0 /var/www/simplesamlphp/www/module.php:121 (N/A)
Apr 27 14:41:38 simplesamlphp ERROR [a5f1359897] Error report with id 572d3cec generated.
May 23 20:24:12 simplesamlphp ERROR [118e71b504] SimpleSAML_Error_Exception: Error 8 - Undefined index: picture
May 23 20:24:12 simplesamlphp ERROR [118e71b504] Backtrace:
May 23 20:24:12 simplesamlphp ERROR [118e71b504] 3 /var/www/simplesamlphp/www/_include.php:83 (SimpleSAML_error_handler)
May 23 20:24:12 simplesamlphp ERROR [118e71b504] 2 /var/www/simplesamlphp/modules/authfacebook/lib/Auth/Source/Facebook.php:119 (sspmod_authfacebook_Auth_Source_Facebook::finalStep)
May 23 20:24:12 simplesamlphp ERROR [118e71b504] 1 /var/www/simplesamlphp/modules/authfacebook/www/linkback.php:28 (require)
May 23 20:24:12 simplesamlphp ERROR [118e71b504] 0 /var/www/simplesamlphp/www/module.php:137 (N/A)
Jun 15 17:29:13 simplesamlphp WARNING [c9546fe16b] Missing AuthToken cookie.
Jul 12 13:20:15 simplesamlphp ERROR [18d84fa2ba] SimpleSAML_Error_UserAborted: USERABORTED
Jul 12 13:20:15 simplesamlphp ERROR [18d84fa2ba] Backtrace:
Jul 12 13:20:15 simplesamlphp ERROR [18d84fa2ba] 1 /var/www/simplesamlphp/modules/authfacebook/www/linkback.php:25 (require)
Jul 12 13:20:15 simplesamlphp ERROR [18d84fa2ba] 0 /var/www/simplesamlphp/www/module.php:137 (N/A)
Jul 12 13:20:15 simplesamlphp ERROR [18d84fa2ba] Error report with id 7bca1b02 generated.
Jul 12 15:42:40 simplesamlphp ERROR [afe96d25d2] SimpleSAML_Error_BadRequest: BADREQUEST('%REASON%' => 'Missing state parameter on facebook linkback endpoint.')
Jul 12 15:42:40 simplesamlphp ERROR [afe96d25d2] Backtrace:
Jul 12 15:42:40 simplesamlphp ERROR [afe96d25d2] 1 /var/www/simplesamlphp/modules/authfacebook/www/linkback.php:8 (require)
Jul 12 15:42:40 simplesamlphp ERROR [afe96d25d2] 0 /var/www/simplesamlphp/www/module.php:137 (N/A)
Jul 12 15:42:40 simplesamlphp ERROR [afe96d25d2] Error report with id a5815ee0 generated.
Jul 12 16:19:08 simplesamlphp ERROR [b9d4ba29c1] SimpleSAML_Error_UserAborted: USERABORTED
Jul 12 16:19:08 simplesamlphp ERROR [b9d4ba29c1] Backtrace:
Jul 12 16:19:08 simplesamlphp ERROR [b9d4ba29c1] 1 /var/www/simplesamlphp/modules/authfacebook/www/linkback.php:25 (require)
Jul 12 16:19:08 simplesamlphp ERROR [b9d4ba29c1] 0 /var/www/simplesamlphp/www/module.php:137 (N/A)
Jul 12 16:19:08 simplesamlphp ERROR [b9d4ba29c1] Error report with id 86874160 generated.
Jul 12 16:21:45 simplesamlphp ERROR [b9d4ba29c1] SimpleSAML_Error_UserAborted: USERABORTED
Jul 12 16:21:45 simplesamlphp ERROR [b9d4ba29c1] Backtrace:
Jul 12 16:21:45 simplesamlphp ERROR [b9d4ba29c1] 1 /var/www/simplesamlphp/modules/authfacebook/www/linkback.php:25 (require)
Jul 12 16:21:45 simplesamlphp ERROR [b9d4ba29c1] 0 /var/www/simplesamlphp/www/module.php:137 (N/A)
Jul 12 16:21:45 simplesamlphp ERROR [b9d4ba29c1] Error report with id e594d3e9 generated.
Jul 13 13:07:16 simplesamlphp ERROR [a4e27e5d54] SimpleSAML_Error_UserAborted: USERABORTED
Jul 13 13:07:16 simplesamlphp ERROR [a4e27e5d54] Backtrace:
Jul 13 13:07:16 simplesamlphp ERROR [a4e27e5d54] 1 /var/www/simplesamlphp/modules/authtwitter/www/linkback.php:25 (require)
Jul 13 13:07:16 simplesamlphp ERROR [a4e27e5d54] 0 /var/www/simplesamlphp/www/module.php:137 (N/A)
Jul 13 13:07:16 simplesamlphp ERROR [a4e27e5d54] Error report with id ee7971e7 generated.
Jul 13 13:11:59 simplesamlphp ERROR [8f0dd8f65a] SimpleSAML_Error_BadRequest: BADREQUEST('%REASON%' => 'Missing state parameter on twitter linkback endpoint.')
Jul 13 13:11:59 simplesamlphp ERROR [8f0dd8f65a] Backtrace:
Jul 13 13:11:59 simplesamlphp ERROR [8f0dd8f65a] 1 /var/www/simplesamlphp/modules/authtwitter/www/linkback.php:8 (require)
Jul 13 13:11:59 simplesamlphp ERROR [8f0dd8f65a] 0 /var/www/simplesamlphp/www/module.php:137 (N/A)
Jul 13 13:11:59 simplesamlphp ERROR [8f0dd8f65a] Error report with id 8ecc843b generated.
Jul 18 17:55:12 simplesamlphp ERROR [d0b73fe0a3] SimpleSAML_Error_UserAborted: USERABORTED
Jul 18 17:55:12 simplesamlphp ERROR [d0b73fe0a3] Backtrace:
Jul 18 17:55:12 simplesamlphp ERROR [d0b73fe0a3] 1 /var/www/simplesamlphp/modules/authtwitter/www/linkback.php:25 (require)
Jul 18 17:55:12 simplesamlphp ERROR [d0b73fe0a3] 0 /var/www/simplesamlphp/www/module.php:137 (N/A)
Jul 18 17:55:12 simplesamlphp ERROR [d0b73fe0a3] Error report with id f0b66341 generated.
Jul 18 20:05:57 simplesamlphp ERROR [b9c397f744] SimpleSAML_Error_UserAborted: USERABORTED
Jul 18 20:05:57 simplesamlphp ERROR [b9c397f744] Backtrace:
Jul 18 20:05:57 simplesamlphp ERROR [b9c397f744] 1 /var/www/simplesamlphp/modules/authtwitter/www/linkback.php:25 (require)
Jul 18 20:05:57 simplesamlphp ERROR [b9c397f744] 0 /var/www/simplesamlphp/www/module.php:137 (N/A)
Jul 18 20:05:57 simplesamlphp ERROR [b9c397f744] Error report with id 3935e0a5 generated.
Jul 18 20:19:28 simplesamlphp ERROR [57f3affd4d] SimpleSAML_Error_UserAborted: USERABORTED
Jul 18 20:19:28 simplesamlphp ERROR [57f3affd4d] Backtrace:
Jul 18 20:19:28 simplesamlphp ERROR [57f3affd4d] 1 /var/www/simplesamlphp/modules/authfacebook/www/linkback.php:25 (require)
Jul 18 20:19:28 simplesamlphp ERROR [57f3affd4d] 0 /var/www/simplesamlphp/www/module.php:137 (N/A)
Jul 18 20:19:28 simplesamlphp ERROR [57f3affd4d] Error report with id ea152f77 generated.
Jul 19 12:17:05 simplesamlphp ERROR [76ee294418] SimpleSAML_Error_UserAborted: USERABORTED
Jul 19 12:17:05 simplesamlphp ERROR [76ee294418] Backtrace:
Jul 19 12:17:05 simplesamlphp ERROR [76ee294418] 1 /var/www/simplesamlphp/modules/authtwitter/www/linkback.php:25 (require)
Jul 19 12:17:05 simplesamlphp ERROR [76ee294418] 0 /var/www/simplesamlphp/www/module.php:137 (N/A)
Jul 19 12:17:05 simplesamlphp ERROR [76ee294418] Error report with id 90f63118 generated.
Jul 31 23:22:12 simplesamlphp ERROR [303925aa34] SimpleSAML_Error_BadRequest: BADREQUEST('%REASON%' => 'Missing "State" parameter.')
Jul 31 23:22:12 simplesamlphp ERROR [303925aa34] Backtrace:
Jul 31 23:22:12 simplesamlphp ERROR [303925aa34] 2 /var/www/simplesamlphp/modules/drupalauth/lib/Auth/Source/External.php:391 (sspmod_drupalauth_Auth_Source_External::resume)
Jul 31 23:22:12 simplesamlphp ERROR [303925aa34] 1 /var/www/simplesamlphp/modules/drupalauth/www/resume.php:12 (require)
Jul 31 23:22:12 simplesamlphp ERROR [303925aa34] 0 /var/www/simplesamlphp/www/module.php:137 (N/A)
Jul 31 23:22:12 simplesamlphp ERROR [303925aa34] Error report with id 55eb6fe8 generated.
Aug 03 11:29:35 simplesamlphp ERROR [3df192752e] SimpleSAML_Error_UserAborted: USERABORTED
Aug 03 11:29:35 simplesamlphp ERROR [3df192752e] Backtrace:
Aug 03 11:29:35 simplesamlphp ERROR [3df192752e] 1 /var/www/simplesamlphp/modules/authtwitter/www/linkback.php:25 (require)
Aug 03 11:29:35 simplesamlphp ERROR [3df192752e] 0 /var/www/simplesamlphp/www/module.php:137 (N/A)
Aug 03 11:29:35 simplesamlphp ERROR [3df192752e] Error report with id c7c875a2 generated.
Aug 14 12:34:09 simplesamlphp ERROR [897a670252] SimpleSAML_Error_Error: UNHANDLEDEXCEPTION
Aug 14 12:34:09 simplesamlphp ERROR [897a670252] Backtrace:
Aug 14 12:34:09 simplesamlphp ERROR [897a670252] 0 /var/www/simplesamlphp/www/module.php:180 (N/A)
Aug 14 12:34:09 simplesamlphp ERROR [897a670252] Caused by: SimpleSAML_Error_Exception: User not authenticated after login page.
Aug 14 12:34:09 simplesamlphp ERROR [897a670252] Backtrace:
Aug 14 12:34:09 simplesamlphp ERROR [897a670252] 2 /var/www/simplesamlphp/modules/drupalauth/lib/Auth/Source/External.php:437 (sspmod_drupalauth_Auth_Source_External::resume)
Aug 14 12:34:09 simplesamlphp ERROR [897a670252] 1 /var/www/simplesamlphp/modules/drupalauth/www/resume.php:12 (require)
Aug 14 12:34:09 simplesamlphp ERROR [897a670252] 0 /var/www/simplesamlphp/www/module.php:137 (N/A)
Aug 14 12:34:09 simplesamlphp ERROR [897a670252] Error report with id dc586a6a generated.
Aug 19 10:47:33 simplesamlphp ERROR [TR89a35e06] Error loading session: All memcache servers are down
Aug 19 10:47:50 simplesamlphp ERROR [TRbf1daa73] Error loading session: All memcache servers are down
Sep 21 15:39:38 simplesamlphp WARNING [bd4ebe825a] Missing AuthToken cookie.
Oct 05 19:19:09 simplesamlphp ERROR [07060cbaaa] SimpleSAML_Error_NotFound: NOTFOUNDREASON('%URL%' => 'http://uat-sso.indiatodayonline.in/simplesaml/module.php/drupalauth/', '%REASON%' => 'Directory listing not available.')
Oct 05 19:19:09 simplesamlphp ERROR [07060cbaaa] Backtrace:
Oct 05 19:19:09 simplesamlphp ERROR [07060cbaaa] 0 /var/www/simplesamlphp/www/module.php:115 (N/A)
Oct 05 19:19:09 simplesamlphp ERROR [07060cbaaa] Error report with id 1d2fd4b6 generated.
Oct 05 19:26:38 simplesamlphp ERROR [07060cbaaa] SimpleSAML_Error_NotFound: NOTFOUNDREASON('%URL%' => 'http://uat-sso.indiatodayonline.in/simplesaml/module.php/drupalauth/', '%REASON%' => 'Directory listing not available.')
Oct 05 19:26:38 simplesamlphp ERROR [07060cbaaa] Backtrace:
Oct 05 19:26:38 simplesamlphp ERROR [07060cbaaa] 0 /var/www/simplesamlphp/www/module.php:115 (N/A)
Oct 05 19:26:38 simplesamlphp ERROR [07060cbaaa] Error report with id 94e61986 generated.
Oct 05 19:36:47 simplesamlphp ERROR [07060cbaaa] SimpleSAML_Error_NotFound: NOTFOUNDREASON('%URL%' => 'http://uat-sso.indiatodayonline.in/simplesaml/module.php/drupalauth/', '%REASON%' => 'Directory listing not available.')
Oct 05 19:36:47 simplesamlphp ERROR [07060cbaaa] Backtrace:
Oct 05 19:36:47 simplesamlphp ERROR [07060cbaaa] 0 /var/www/simplesamlphp/www/module.php:115 (N/A)
Oct 05 19:36:47 simplesamlphp ERROR [07060cbaaa] Error report with id bbe85464 generated.
Oct 05 19:43:14 simplesamlphp ERROR [9c3ff5ed64] SimpleSAML_Error_NotFound: NOTFOUNDREASON('%URL%' => 'http://uat-sso.indiatodayonline.in/simplesaml/module.php/core/', '%REASON%' => 'Directory listing not available.')
Oct 05 19:43:14 simplesamlphp ERROR [9c3ff5ed64] Backtrace:
Oct 05 19:43:14 simplesamlphp ERROR [9c3ff5ed64] 0 /var/www/simplesamlphp/www/module.php:115 (N/A)
Oct 05 19:43:14 simplesamlphp ERROR [9c3ff5ed64] Error report with id 512d36cd generated.
Oct 05 19:50:36 simplesamlphp ERROR [1a26410e60] SimpleSAML_Error_NotFound: NOTFOUNDREASON('%URL%' => 'http://uat-sso.indiatodayonline.in/simplesaml/module.php/core/', '%REASON%' => 'Directory listing not available.')
Oct 05 19:50:36 simplesamlphp ERROR [1a26410e60] Backtrace:
Oct 05 19:50:36 simplesamlphp ERROR [1a26410e60] 0 /var/www/simplesamlphp/www/module.php:115 (N/A)
Oct 05 19:50:36 simplesamlphp ERROR [1a26410e60] Error report with id 7644a124 generated.
Oct 05 19:50:53 simplesamlphp NOTICE STAT [1a26410e60] User 'admin' has been successfully authenticated.
Oct 05 19:52:57 simplesamlphp ERROR [692d6df460] SimpleSAML_Error_NotFound: NOTFOUNDREASON('%URL%' => 'http://uat-sso.indiatodayonline.in/simplesaml/module.php/core/', '%REASON%' => 'Directory listing not available.')
Oct 05 19:52:57 simplesamlphp ERROR [692d6df460] Backtrace:
Oct 05 19:52:57 simplesamlphp ERROR [692d6df460] 0 /var/www/simplesamlphp/www/module.php:115 (N/A)
Oct 05 19:52:57 simplesamlphp ERROR [692d6df460] Error report with id 60a94879 generated.
Oct 05 20:01:12 simplesamlphp ERROR [692d6df460] SimpleSAML_Error_NotFound: NOTFOUNDREASON('%URL%' => 'http://uat-sso.indiatodayonline.in/simplesaml/module.php/core/', '%REASON%' => 'Directory listing not available.')
Oct 05 20:01:12 simplesamlphp ERROR [692d6df460] Backtrace:
Oct 05 20:01:12 simplesamlphp ERROR [692d6df460] 0 /var/www/simplesamlphp/www/module.php:115 (N/A)
Oct 05 20:01:12 simplesamlphp ERROR [692d6df460] Error report with id 5e081a27 generated.
Oct 05 20:01:14 simplesamlphp ERROR [692d6df460] SimpleSAML_Error_NotFound: NOTFOUNDREASON('%URL%' => 'http://uat-sso.indiatodayonline.in/simplesaml/module.php/core', '%REASON%' => 'The URL must at least contain a module name followed by a slash.')
Oct 05 20:01:14 simplesamlphp ERROR [692d6df460] Backtrace:
Oct 05 20:01:14 simplesamlphp ERROR [692d6df460] 0 /var/www/simplesamlphp/www/module.php:58 (N/A)
Oct 05 20:01:14 simplesamlphp ERROR [692d6df460] Error report with id 0a75010d generated.
Oct 05 20:01:20 simplesamlphp ERROR [692d6df460] SimpleSAML_Error_NotFound: NOTFOUNDREASON('%URL%' => 'http://uat-sso.indiatodayonline.in/simplesaml/module.php/core/', '%REASON%' => 'Directory listing not available.')
Oct 05 20:01:20 simplesamlphp ERROR [692d6df460] Backtrace:
Oct 05 20:01:20 simplesamlphp ERROR [692d6df460] 0 /var/www/simplesamlphp/www/module.php:115 (N/A)
Oct 05 20:01:20 simplesamlphp ERROR [692d6df460] Error report with id d187025f generated.
Oct 05 20:03:47 simplesamlphp ERROR [77378fb895] SimpleSAML_Error_NotFound: NOTFOUNDREASON('%URL%' => 'http://uat-sso.indiatodayonline.in/simplesaml/module.php/core/', '%REASON%' => 'Directory listing not available.')
Oct 05 20:03:47 simplesamlphp ERROR [77378fb895] Backtrace:
Oct 05 20:03:47 simplesamlphp ERROR [77378fb895] 0 /var/www/simplesamlphp/www/module.php:115 (N/A)
Oct 05 20:03:47 simplesamlphp ERROR [77378fb895] Error report with id b01f2c03 generated.
Oct 05 20:04:48 simplesamlphp ERROR [692d6df460] SimpleSAML_Error_NotFound: NOTFOUNDREASON('%URL%' => 'http://uat-sso.indiatodayonline.in/simplesaml/module.php/core/', '%REASON%' => 'Directory listing not available.')
Oct 05 20:04:48 simplesamlphp ERROR [692d6df460] Backtrace:
Oct 05 20:04:48 simplesamlphp ERROR [692d6df460] 0 /var/www/simplesamlphp/www/module.php:115 (N/A)
Oct 05 20:04:48 simplesamlphp ERROR [692d6df460] Error report with id 3bd1fa02 generated.
Oct 05 20:04:49 simplesamlphp ERROR [692d6df460] SimpleSAML_Error_NotFound: NOTFOUNDREASON('%URL%' => 'http://uat-sso.indiatodayonline.in/simplesaml/module.php/core/', '%REASON%' => 'Directory listing not available.')
Oct 05 20:04:49 simplesamlphp ERROR [692d6df460] Backtrace:
Oct 05 20:04:49 simplesamlphp ERROR [692d6df460] 0 /var/www/simplesamlphp/www/module.php:115 (N/A)
Oct 05 20:04:49 simplesamlphp ERROR [692d6df460] Error report with id 6aa66675 generated.
Oct 05 20:10:17 simplesamlphp ERROR [efb1a1f4e3] SimpleSAML_Error_NotFound: NOTFOUNDREASON('%URL%' => 'http://uat-sso.indiatodayonline.in/simplesaml/module.php/drupalauth/', '%REASON%' => 'Directory listing not available.')
Oct 05 20:10:17 simplesamlphp ERROR [efb1a1f4e3] Backtrace:
Oct 05 20:10:17 simplesamlphp ERROR [efb1a1f4e3] 0 /var/www/simplesamlphp/www/module.php:115 (N/A)
Oct 05 20:10:17 simplesamlphp ERROR [efb1a1f4e3] Error report with id 48d89f0f generated.
Oct 05 20:16:48 simplesamlphp ERROR [670a0df968] SimpleSAML_Error_NotFound: NOTFOUNDREASON('%URL%' => 'http://uat-sso.indiatodayonline.in/simplesaml/module.php', '%REASON%' => 'No PATH_INFO to module.php')
Oct 05 20:16:48 simplesamlphp ERROR [670a0df968] Backtrace:
Oct 05 20:16:48 simplesamlphp ERROR [670a0df968] 0 /var/www/simplesamlphp/www/module.php:44 (N/A)
Oct 05 20:16:48 simplesamlphp ERROR [670a0df968] Error report with id 0f6aa3b1 generated.
Oct 05 20:17:03 simplesamlphp ERROR [670a0df968] SimpleSAML_Error_NotFound: NOTFOUNDREASON('%URL%' => 'http://uat-sso.indiatodayonline.in/simplesaml/module.php/authtwitter/', '%REASON%' => 'Directory listing not available.')
Oct 05 20:17:03 simplesamlphp ERROR [670a0df968] Backtrace:
Oct 05 20:17:03 simplesamlphp ERROR [670a0df968] 0 /var/www/simplesamlphp/www/module.php:115 (N/A)
Oct 05 20:17:03 simplesamlphp ERROR [670a0df968] Error report with id 06728856 generated.
Oct 05 20:17:06 simplesamlphp ERROR [670a0df968] SimpleSAML_Error_NotFound: NOTFOUNDREASON('%URL%' => 'http://uat-sso.indiatodayonline.in/simplesaml/module.php/authtwitter/', '%REASON%' => 'Directory listing not available.')
Oct 05 20:17:06 simplesamlphp ERROR [670a0df968] Backtrace:
Oct 05 20:17:06 simplesamlphp ERROR [670a0df968] 0 /var/www/simplesamlphp/www/module.php:115 (N/A)
Oct 05 20:17:06 simplesamlphp ERROR [670a0df968] Error report with id d520afff generated.
Oct 05 20:17:32 simplesamlphp ERROR [670a0df968] SimpleSAML_Error_NotFound: NOTFOUNDREASON('%URL%' => 'http://uat-sso.indiatodayonline.in/simplesaml/module.php/authtwitter/', '%REASON%' => 'Directory listing not available.')
Oct 05 20:17:32 simplesamlphp ERROR [670a0df968] Backtrace:
Oct 05 20:17:32 simplesamlphp ERROR [670a0df968] 0 /var/www/simplesamlphp/www/module.php:115 (N/A)
Oct 05 20:17:32 simplesamlphp ERROR [670a0df968] Error report with id f0229cbd generated.
Oct 05 20:24:04 simplesamlphp ERROR [ef4fdf0724] SimpleSAML_Error_NotFound: NOTFOUNDREASON('%URL%' => 'http://uat-sso.indiatodayonline.in/simplesaml/module.php/drupalauth/', '%REASON%' => 'Directory listing not available.')
Oct 05 20:24:04 simplesamlphp ERROR [ef4fdf0724] Backtrace:
Oct 05 20:24:04 simplesamlphp ERROR [ef4fdf0724] 0 /var/www/simplesamlphp/www/module.php:114 (N/A)
Oct 05 20:24:04 simplesamlphp ERROR [ef4fdf0724] Error report with id ae0ac876 generated.
Oct 05 20:24:11 simplesamlphp ERROR [ef4fdf0724] SimpleSAML_Error_NotFound: NOTFOUNDREASON('%URL%' => 'http://uat-sso.indiatodayonline.in/simplesaml/module.php', '%REASON%' => 'No PATH_INFO to module.php')
Oct 05 20:24:11 simplesamlphp ERROR [ef4fdf0724] Backtrace:
Oct 05 20:24:11 simplesamlphp ERROR [ef4fdf0724] 0 /var/www/simplesamlphp/www/module.php:44 (N/A)
Oct 05 20:24:11 simplesamlphp ERROR [ef4fdf0724] Error report with id 384310ad generated.
Oct 05 20:25:42 simplesamlphp ERROR [a4312c2abf] SimpleSAML_Error_NotFound: NOTFOUNDREASON('%URL%' => 'http://uat-sso.indiatodayonline.in/simplesaml/module.php/drupalauth/', '%REASON%' => 'Directory listing not available.')
Oct 05 20:25:42 simplesamlphp ERROR [a4312c2abf] Backtrace:
Oct 05 20:25:42 simplesamlphp ERROR [a4312c2abf] 0 /var/www/simplesamlphp/www/module.php:114 (N/A)
Oct 05 20:25:42 simplesamlphp ERROR [a4312c2abf] Error report with id aac9a263 generated.
